<?xml version="1.0" encoding="UTF-8"?>
<!-- Generated by org.testng.reporters.JUnitReportReporter -->
<testsuite skipped="0" hostname="DESKTOP-IU1B2U0" name="testCases.LoginTest" tests="1" failures="0" timestamp="20 Dec 2020 01:35:46 GMT" time="0.025" errors="0">
  <testcase name="logintestCase" time="0.025" classname="testCases.LoginTest"/>
</testsuite> <!-- testCases.LoginTest -->
