<?xml version="1.0" encoding="UTF-8"?>
<!-- Generated by org.testng.reporters.JUnitReportReporter -->
<testsuite skipped="0" hostname="DESKTOP-IU1B2U0" name="testCases.Dummy" tests="1" failures="0" timestamp="17 Dec 2020 02:11:31 GMT" time="0.815" errors="0">
  <testcase name="system" time="0.815" classname="testCases.Dummy"/>
</testsuite> <!-- testCases.Dummy -->
